zb@mzb-Lenovo-G50-80:~/works/kodilla/testimonials/client/NewWaveFest$ npm install
npm WARN deprecated axios@0.18.0: Critical security vulnerability fixed in v0.21.1. For more information, see https://github.com/axios/axios/pull/3410
npm WARN deprecated babel-eslint@10.0.1: babel-eslint is now @babel/eslint-parser. This package will no longer receive updates.
npm WARN deprecated eslint-loader@2.1.2: This loader has been deprecated. Please use eslint-webpack-plugin
npm WARN deprecated html-webpack-plugin@4.0.0-beta.5: please switch to a stable version
npm WARN deprecated fsevents@2.0.6: "Please update to latest v2.3 or v2.2"
npm WARN deprecated request@2.88.2: request has been deprecated, see https://github.com/request/request/issues/3142
npm WARN deprecated chokidar@2.1.8: Chokidar 2 will break on node v14+. Upgrade to chokidar 3 with 15x less dependencies.
npm WARN deprecated popper.js@1.16.1: You can find the new Popper v2 at @popperjs/core, this package is dedicated to the legacy v1
npm WARN deprecated har-validator@5.1.5: this library is no longer supported
npm WARN deprecated request-promise-native@1.0.9: request-promise-native has been deprecated because it extends the now deprecated request package, see https://github.com/request/request/issues/3142
npm WARN deprecated fsevents@1.2.13: fsevents 1 will break on node v14+ and could be using insecure binaries. Upgrade to fsevents 2.
npm WARN deprecated @hapi/joi@15.1.1: Switch to 'npm install joi'
npm WARN deprecated core-js@1.2.7: core-js@<3 is no longer maintained and not recommended for usage due to the number of issues. Please, upgrade your dependencies to the actual version of core-js@3.
npm WARN deprecated @hapi/hoek@8.5.1: This version has been deprecated and is no longer supported or maintained
npm WARN deprecated @hapi/address@2.1.4: Moved to 'npm install @sideway/address'
npm WARN deprecated @hapi/topo@3.1.6: This version has been deprecated and is no longer supported or maintained
npm WARN deprecated @hapi/bourne@1.3.2: This version has been deprecated and is no longer supported or maintained
npm WARN deprecated resolve-url@0.2.1: https://github.com/lydell/resolve-url#deprecated
npm WARN deprecated urix@0.1.0: Please see https://github.com/lydell/urix#deprecated
npm WARN deprecated left-pad@1.3.0: use String.prototype.padStart()
npm WARN deprecated core-js@2.6.12: core-js@<3 is no longer maintained and not recommended for usage due to the number of issues. Please, upgrade your dependencies to the actual version of core-js@3.

> node-sass@4.12.0 install /home/mzb/works/kodilla/testimonials/client/NewWaveFest/node_modules/node-sass
> node scripts/install.js

Downloading binary from https://github.com/sass/node-sass/releases/download/v4.12.0/linux-x64-83_binding.node
Cannot download "https://github.com/sass/node-sass/releases/download/v4.12.0/linux-x64-83_binding.node": 

HTTP error 404 Not Found

Hint: If github.com is not accessible in your location
      try setting a proxy via HTTP_PROXY, e.g. 

      export HTTP_PROXY=http://example.com:1234

or configure npm proxy via

      npm config set proxy http://example.com:8080

> core-js@2.6.12 postinstall /home/mzb/works/kodilla/testimonials/client/NewWaveFest/node_modules/babel-runtime/node_modules/core-js
> node -e "try{require('./postinstall')}catch(e){}"

Thank you for using core-js ( https://github.com/zloirock/core-js ) for polyfilling JavaScript standard library!

The project needs your help! Please consider supporting of core-js on Open Collective or Patreon: 
> https://opencollective.com/core-js 
> https://www.patreon.com/zloirock 

Also, the author of core-js ( https://github.com/zloirock ) is looking for a good job -)


> core-js@3.14.0 postinstall /home/mzb/works/kodilla/testimonials/client/NewWaveFest/node_modules/react-app-polyfill/node_modules/core-js
> node -e "try{require('./postinstall')}catch(e){}"


> node-sass@4.12.0 postinstall /home/mzb/works/kodilla/testimonials/client/NewWaveFest/node_modules/node-sass
> node scripts/build.js

Building: /home/mzb/.nvm/versions/node/v14.16.0/bin/node /home/mzb/works/kodilla/testimonials/client/NewWaveFest/node_modules/node-gyp/bin/node-gyp.js rebuild --verbose --libsass_ext= --libsass_cflags= --libsass_ldflags= --libsass_library=
gyp info it worked if it ends with ok
gyp verb cli [
gyp verb cli   '/home/mzb/.nvm/versions/node/v14.16.0/bin/node',
gyp verb cli   '/home/mzb/works/kodilla/testimonials/client/NewWaveFest/node_modules/node-gyp/bin/node-gyp.js',
gyp verb cli   'rebuild',
gyp verb cli   '--verbose',
gyp verb cli   '--libsass_ext=',
gyp verb cli   '--libsass_cflags=',
gyp verb cli   '--libsass_ldflags=',
gyp verb cli   '--libsass_library='
gyp verb cli ]
gyp info using node-gyp@3.8.0
gyp info using node@14.16.0 | linux | x64
gyp verb command rebuild []
gyp verb command clean []
gyp verb clean removing "build" directory
gyp verb command configure []
gyp verb check python checking for Python executable "python2" in the PATH
gyp verb `which` failed Error: not found: python2
gyp verb `which` failed     at getNotFoundError (/home/mzb/works/kodilla/testimonials/client/NewWaveFest/node_modules/which/which.js:13:12)
gyp verb `which` failed     at F (/home/mzb/works/kodilla/testimonials/client/NewWaveFest/node_modules/which/which.js:68:19)
gyp verb `which` failed     at E (/home/mzb/works/kodilla/testimonials/client/NewWaveFest/node_modules/which/which.js:80:29)
gyp verb `which` failed     at /home/mzb/works/kodilla/testimonials/client/NewWaveFest/node_modules/which/which.js:89:16
gyp verb `which` failed     at /home/mzb/works/kodilla/testimonials/client/NewWaveFest/node_modules/isexe/index.js:42:5
gyp verb `which` failed     at /home/mzb/works/kodilla/testimonials/client/NewWaveFest/node_modules/isexe/mode.js:8:5
gyp verb `which` failed     at FSReqCallback.oncomplete (fs.js:183:21)
gyp verb `which` failed  python2 Error: not found: python2
gyp verb `which` failed     at getNotFoundError (/home/mzb/works/kodilla/testimonials/client/NewWaveFest/node_modules/which/which.js:13:12)
gyp verb `which` failed     at F (/home/mzb/works/kodilla/testimonials/client/NewWaveFest/node_modules/which/which.js:68:19)
gyp verb `which` failed     at E (/home/mzb/works/kodilla/testimonials/client/NewWaveFest/node_modules/which/which.js:80:29)
gyp verb `which` failed     at /home/mzb/works/kodilla/testimonials/client/NewWaveFest/node_modules/which/which.js:89:16
gyp verb `which` failed     at /home/mzb/works/kodilla/testimonials/client/NewWaveFest/node_modules/isexe/index.js:42:5
gyp verb `which` failed     at /home/mzb/works/kodilla/testimonials/client/NewWaveFest/node_modules/isexe/mode.js:8:5
gyp verb `which` failed     at FSReqCallback.oncomplete (fs.js:183:21) {
gyp verb `which` failed   code: 'ENOENT'
gyp verb `which` failed }
gyp verb check python checking for Python executable "python" in the PATH
gyp verb `which` failed Error: not found: python
gyp verb `which` failed     at getNotFoundError (/home/mzb/works/kodilla/testimonials/client/NewWaveFest/node_modules/which/which.js:13:12)
gyp verb `which` failed     at F (/home/mzb/works/kodilla/testimonials/client/NewWaveFest/node_modules/which/which.js:68:19)
gyp verb `which` failed     at E (/home/mzb/works/kodilla/testimonials/client/NewWaveFest/node_modules/which/which.js:80:29)
gyp verb `which` failed     at /home/mzb/works/kodilla/testimonials/client/NewWaveFest/node_modules/which/which.js:89:16
gyp verb `which` failed     at /home/mzb/works/kodilla/testimonials/client/NewWaveFest/node_modules/isexe/index.js:42:5
gyp verb `which` failed     at /home/mzb/works/kodilla/testimonials/client/NewWaveFest/node_modules/isexe/mode.js:8:5
gyp verb `which` failed     at FSReqCallback.oncomplete (fs.js:183:21)
gyp verb `which` failed  python Error: not found: python
gyp verb `which` failed     at getNotFoundError (/home/mzb/works/kodilla/testimonials/client/NewWaveFest/node_modules/which/which.js:13:12)
gyp verb `which` failed     at F (/home/mzb/works/kodilla/testimonials/client/NewWaveFest/node_modules/which/which.js:68:19)
gyp verb `which` failed     at E (/home/mzb/works/kodilla/testimonials/client/NewWaveFest/node_modules/which/which.js:80:29)
gyp verb `which` failed     at /home/mzb/works/kodilla/testimonials/client/NewWaveFest/node_modules/which/which.js:89:16
gyp verb `which` failed     at /home/mzb/works/kodilla/testimonials/client/NewWaveFest/node_modules/isexe/index.js:42:5
gyp verb `which` failed     at /home/mzb/works/kodilla/testimonials/client/NewWaveFest/node_modules/isexe/mode.js:8:5
gyp verb `which` failed     at FSReqCallback.oncomplete (fs.js:183:21) {
gyp verb `which` failed   code: 'ENOENT'
gyp verb `which` failed }
gyp ERR! configure error 
gyp ERR! stack Error: Can't find Python executable "python", you can set the PYTHON env variable.
gyp ERR! stack     at PythonFinder.failNoPython (/home/mzb/works/kodilla/testimonials/client/NewWaveFest/node_modules/node-gyp/lib/configure.js:484:19)
gyp ERR! stack     at PythonFinder.<anonymous> (/home/mzb/works/kodilla/testimonials/client/NewWaveFest/node_modules/node-gyp/lib/configure.js:406:16)
gyp ERR! stack     at F (/home/mzb/works/kodilla/testimonials/client/NewWaveFest/node_modules/which/which.js:68:16)
gyp ERR! stack     at E (/home/mzb/works/kodilla/testimonials/client/NewWaveFest/node_modules/which/which.js:80:29)
gyp ERR! stack     at /home/mzb/works/kodilla/testimonials/client/NewWaveFest/node_modules/which/which.js:89:16
gyp ERR! stack     at /home/mzb/works/kodilla/testimonials/client/NewWaveFest/node_modules/isexe/index.js:42:5
gyp ERR! stack     at /home/mzb/works/kodilla/testimonials/client/NewWaveFest/node_modules/isexe/mode.js:8:5
gyp ERR! stack     at FSReqCallback.oncomplete (fs.js:183:21)
gyp ERR! System Linux 5.8.0-55-generic
gyp ERR! command "/home/mzb/.nvm/versions/node/v14.16.0/bin/node" "/home/mzb/works/kodilla/testimonials/client/NewWaveFest/node_modules/node-gyp/bin/node-gyp.js" "rebuild" "--verbose" "--libsass_ext=" "--libsass_cflags=" "--libsass_ldflags=" "--libsass_library="
gyp ERR! cwd /home/mzb/works/kodilla/testimonials/client/NewWaveFest/node_modules/node-sass
gyp ERR! node -v v14.16.0
gyp ERR! node-gyp -v v3.8.0
gyp ERR! not ok 
Build failed with error code: 1
npm WARN optional SKIPPING OPTIONAL DEPENDENCY: fsevents@2.0.6 (node_modules/react-scripts/node_modules/fsevents):
npm WARN notsup SKIPPING OPTIONAL DEPENDENCY: Unsupported platform for fsevents@2.0.6: wanted {"os":"darwin","arch":"any"} (current: {"os":"linux","arch":"x64"})
npm WARN optional SKIPPING OPTIONAL DEPENDENCY: fsevents@^1.2.7 (node_modules/jest-haste-map/node_modules/fsevents):
npm WARN notsup SKIPPING OPTIONAL DEPENDENCY: Unsupported platform for fsevents@1.2.13: wanted {"os":"darwin","arch":"any"} (current: {"os":"linux","arch":"x64"})
npm WARN optional SKIPPING OPTIONAL DEPENDENCY: fsevents@^1.2.7 (node_modules/chokidar/node_modules/fsevents):
npm WARN notsup SKIPPING OPTIONAL DEPENDENCY: Unsupported platform for fsevents@1.2.13: wanted {"os":"darwin","arch":"any"} (current: {"os":"linux","arch":"x64"})
npm WARN optional SKIPPING OPTIONAL DEPENDENCY: fsevents@~2.3.2 (node_modules/watchpack/node_modules/chokidar/node_modules/fsevents):
npm WARN notsup SKIPPING OPTIONAL DEPENDENCY: Unsupported platform for fsevents@2.3.2: wanted {"os":"darwin","arch":"any"} (current: {"os":"linux","arch":"x64"})
npm WARN bootstrap@4.6.0 requires a peer of jquery@1.9.1 - 3 but none is installed. You must install peer dependencies yourself.
npm WARN @typescript-eslint/eslint-plugin@1.6.0 requires a peer of typescript@* but none is installed. You must install peer dependencies yourself.
npm WARN @typescript-eslint/parser@1.6.0 requires a peer of typescript@* but none is installed. You must install peer dependencies yourself.
npm WARN @babel/plugin-bugfix-v8-spread-parameters-in-optional-chaining@7.14.5 requires a peer of @babel/core@^7.13.0 but none is installed. You must install peer dependencies yourself.
npm WARN @babel/plugin-proposal-class-static-block@7.14.5 requires a peer of @babel/core@^7.12.0 but none is installed. You must install peer dependencies yourself.
npm WARN @typescript-eslint/typescript-estree@1.6.0 requires a peer of typescript@* but none is installed. You must install peer dependencies yourself.
npm WARN tsutils@3.21.0 requires a peer of typescript@>=2.8.0 || >= 3.2.0-dev || >= 3.3.0-dev || >= 3.4.0-dev || >= 3.5.0-dev || >= 3.6.0-dev || >= 3.6.0-beta || >= 3.7.0-dev || >= 3.7.0-beta but none is installed. You must install peer dependencies yourself.

npm ERR! code ELIFECYCLE
npm ERR! errno 1
npm ERR! node-sass@4.12.0 postinstall: `node scripts/build.js`
npm ERR! Exit status 1
npm ERR! 
npm ERR! Failed at the node-sass@4.12.0 postinstall script.
npm ERR! This is probably not a problem with npm. There is likely additional logging output above.

npm ERR! A complete log of this run can be found in:
npm ERR!     /home/mzb/.npm/_logs/2021-06-18T09_15_39_283Z-debug.log
mzb@mzb-Lenovo-G50-80:~/works/kodilla/testimonials/client/NewWaveFest$ 


